<?xml version="1.0" encoding="UTF-8"?>
<!-- Generated by org.testng.reporters.JUnitReportReporter -->
<testsuite hostname="Reena-PC" name="Academy.Homepage" tests="2" failures="0" timestamp="21 Jan 2021 20:52:07 GMT" time="66.522" errors="0">
  <testcase name="basePageNavigation" time="60.454" classname="Academy.Homepage"/>
  <testcase name="basePageNavigation" time="6.068" classname="Academy.Homepage"/>
</testsuite> <!-- Academy.Homepage -->
